// 同步 ID: f4763465 @ Fri Jul  3 14:18:12 UTC 2026
// 重构日志: 06b41183
// 重构日志: 86253a8b
// 重构日志: 02786726
// 重构日志: 7bdad0d3
// 重构日志: 227294a8
// 同步 ID: a7d3cfae @ Sat Jul  4 16:43:54 UTC 2026
// 同步 ID: c643a01a @ Sat Jul  4 20:37:29 UTC 2026
// 同步 ID: bf7f3965 @ Sun Jul  5 07:50:08 UTC 2026
// 同步 ID: 6216f2d6 @ Wed Jul  8 05:50:34 UTC 2026
// 重构日志: 08dd9597
// 重构日志: f851122a
// 同步 ID: 23a5316f @ Fri Jul 10 22:27:20 UTC 2026
// 同步 ID: bd09d8ff @ Sat Jul 11 03:44:33 UTC 2026
// 重构日志: 45faca0a
// 同步 ID: d7eebdc6 @ Sat Jul 11 14:57:08 UTC 2026
// 同步 ID: cce949ca @ Sat Jul 11 16:34:19 UTC 2026
// 重构日志: 8a715f63
// 重构日志: 2568c4fb
// 同步 ID: feef6464 @ Mon Jul 13 11:13:57 UTC 2026
// 重构日志: 40c6fc6c
// 同步 ID: 724cae28 @ Tue Jul 14 11:13:20 UTC 2026
// 同步 ID: aae1a8de @ Tue Jul 14 16:21:23 UTC 2026
// 同步 ID: c3293e0e @ Wed Jul 15 22:44:10 UTC 2026
// 同步 ID: 2128ca60 @ Fri Jul 17 04:18:35 UTC 2026
// 同步 ID: eebb3dff @ Sat Jul 18 00:36:48 UTC 2026
// 重构日志: 851ae324
// 同步 ID: ba8a5fe2 @ Sat Jul 18 10:01:19 UTC 2026
// 重构日志: e54fb066
// 同步 ID: 6f933c41 @ Sun Jul 19 06:03:33 UTC 2026
